<?xml version="1.0" encoding="UTF-8"?>
<!-- Generated by org.testng.reporters.JUnitReportReporter -->
<testsuite hostname="DESKTOP-63Q7D3R" failures="0" tests="3" name="day08.GroupingSignUp" time="0.027" errors="0" timestamp="03 Aug 2024 07:05:20 GMT" skipped="0">
  <testcase classname="day08.GroupingSignUp" name="signupByEmail" time="0.009"/>
  <testcase classname="day08.GroupingSignUp" name="signupByFacebook" time="0.006"/>
  <testcase classname="day08.GroupingSignUp" name="signupBytwitter" time="0.012"/>
</testsuite> <!-- day08.GroupingSignUp -->
