<?xml version="1.0" encoding="UTF-8"?>
<!-- Generated by org.testng.reporters.JUnitReportReporter -->
<testsuite hostname="DESKTOP-63Q7D3R" failures="0" tests="3" name="day08.GroupingDemo" time="0.081" errors="0" timestamp="03 Aug 2024 07:05:20 GMT" skipped="0">
  <testcase classname="day08.GroupingDemo" name="loginByEmail" time="0.059"/>
  <testcase classname="day08.GroupingDemo" name="loginByFacebook" time="0.004"/>
  <testcase classname="day08.GroupingDemo" name="loginByTwitter" time="0.018"/>
</testsuite> <!-- day08.GroupingDemo -->
