<?xml version="1.0" encoding="UTF-8"?>
<!-- Generated by org.testng.reporters.JUnitReportReporter -->
<testsuite hostname="DESKTOP-63Q7D3R" failures="0" tests="2" name="day08.GroupingPayment" time="0.013" errors="0" timestamp="03 Aug 2024 07:05:20 GMT" skipped="0">
  <testcase classname="day08.GroupingPayment" name="paymentinruppes" time="0.006"/>
  <testcase classname="day08.GroupingPayment" name="paymentindollars" time="0.007"/>
</testsuite> <!-- day08.GroupingPayment -->
