<?xml version="1.0" encoding="UTF-8"?>
<!-- Generated by org.testng.reporters.JUnitReportReporter -->
<testsuite hostname="DESKTOP-63Q7D3R" failures="0" tests="1" name="com.clarification.LoginTest" time="10.249" errors="0" timestamp="05 Aug 2024 07:06:33 GMT" skipped="0">
  <testcase classname="com.clarification.LoginTest" name="openbrowser" time="10.249"/>
</testsuite> <!-- com.clarification.LoginTest -->
