<?xml version="1.0" encoding="UTF-8"?>
<!-- Generated by org.testng.reporters.JUnitReportReporter -->
<testsuite hostname="DESKTOP-63Q7D3R" failures="0" tests="1" name="day08.Practice_class" time="17.403" errors="0" timestamp="02 Aug 2024 17:59:11 GMT" skipped="0">
  <testcase classname="day08.Practice_class" name="openbrowser" time="17.403"/>
</testsuite> <!-- day08.Practice_class -->
